<?xml version="1.0" encoding="UTF-8"?>
<!-- Generated by org.testng.reporters.JUnitReportReporter -->
<testsuite hostname="DESKTOP-N2T4CKF" failures="0" tests="1" name="test.AutoTest" time="3.058" errors="0" timestamp="2023-02-03T14:25:06 EST" skipped="0">
  <testcase classname="test.AutoTest" name="sampleTeat" time="3.058"/>
  <system-out/>
</testsuite> <!-- test.AutoTest -->
